<?xml version="1.0" encoding="UTF-8"?>
<!-- Generated by org.testng.reporters.JUnitReportReporter -->
<testsuite hostname="QSPWakad" failures="0" tests="1" name="DesignBaseTestUsingAnnotation.CreateUser" time="7.368" errors="0" timestamp="13 Feb 2024 03:26:21 GMT" skipped="0">
  <testcase classname="DesignBaseTestUsingAnnotation.CreateUser" name="createUser" time="7.368"/>
</testsuite> <!-- DesignBaseTestUsingAnnotation.CreateUser -->
