<?xml version="1.0" encoding="UTF-8"?>
<!-- Generated by org.testng.reporters.JUnitReportReporter -->
<testsuite hostname="QSPWakad" failures="0" tests="2" name="LearningTestng.FirstTestngClass" time="4.727" errors="0" timestamp="09 Feb 2024 04:08:43 GMT" skipped="0">
  <testcase classname="LearningTestng.FirstTestngClass" name="login" time="4.065"/>
  <testcase classname="LearningTestng.FirstTestngClass" name="logout" time="0.662"/>
</testsuite> <!-- LearningTestng.FirstTestngClass -->
