<?xml version="1.0" encoding="UTF-8"?>
<!-- Generated by org.testng.reporters.JUnitReportReporter -->
<testsuite hostname="QSPWakad" failures="0" tests="12" name="LearningTestng.FlipkartModules" time="0.068" errors="0" timestamp="10 Feb 2024 04:19:17 GMT" skipped="0">
  <testcase classname="LearningTestng.FlipkartModules" name="loginIntoFlipkart" time="0.019"/>
  <testcase classname="LearningTestng.FlipkartModules" name="logout" time="0.003"/>
  <testcase classname="LearningTestng.FlipkartModules" name="addToCart" time="0.004"/>
  <testcase classname="LearningTestng.FlipkartModules" name="addToCart" time="0.004"/>
  <testcase classname="LearningTestng.FlipkartModules" name="addToCart" time="0.003"/>
  <testcase classname="LearningTestng.FlipkartModules" name="addToCart" time="0.007"/>
  <testcase classname="LearningTestng.FlipkartModules" name="addToCart" time="0.000"/>
  <testcase classname="LearningTestng.FlipkartModules" name="addToCart" time="0.004"/>
  <testcase classname="LearningTestng.FlipkartModules" name="addToCart" time="0.002"/>
  <testcase classname="LearningTestng.FlipkartModules" name="addToCart" time="0.003"/>
  <testcase classname="LearningTestng.FlipkartModules" name="addToCart" time="0.016"/>
  <testcase classname="LearningTestng.FlipkartModules" name="addToCart" time="0.003"/>
</testsuite> <!-- LearningTestng.FlipkartModules -->
