<?xml version="1.0" encoding="UTF-8"?>
<!-- Generated by org.testng.reporters.JUnitReportReporter -->
<testsuite hostname="QSPWakad" failures="0" tests="1" name="batchExecution.ManualTest" time="5.693" errors="0" timestamp="13 Feb 2024 04:04:45 GMT" skipped="0">
  <testcase classname="batchExecution.ManualTest" name="manualSearch" time="5.693"/>
</testsuite> <!-- batchExecution.ManualTest -->
