<?xml version="1.0" encoding="UTF-8"?>
<!-- Generated by org.testng.reporters.JUnitReportReporter -->
<testsuite hostname="QSPWakad" failures="0" tests="2" name="LearningTestng.LearningAnnotations" time="0.043" errors="0" timestamp="12 Feb 2024 04:06:16 GMT" skipped="0">
  <testcase classname="LearningTestng.LearningAnnotations" name="testScript" time="0.023"/>
  <testcase classname="LearningTestng.LearningAnnotations" name="testScript2" time="0.020"/>
</testsuite> <!-- LearningTestng.LearningAnnotations -->
