<?xml version="1.0" encoding="UTF-8"?>
<!-- Generated by org.testng.reporters.JUnitReportReporter -->
<testsuite hostname="QSPWakad" failures="0" tests="1" name="batchExecution.seleniumTest" time="8.680" errors="0" timestamp="15 Feb 2024 03:33:42 GMT" skipped="0">
  <testcase classname="batchExecution.seleniumTest" name="searchSelenium" time="8.680"/>
</testsuite> <!-- batchExecution.seleniumTest -->
