<?xml version="1.0" encoding="UTF-8"?>
<!-- Generated by org.testng.reporters.JUnitReportReporter -->
<testsuite hostname="QSPWakad" failures="0" tests="2" name="LearningTestng.FaceBook" time="0.015" errors="0" timestamp="10 Feb 2024 04:17:02 GMT" skipped="0">
  <testcase classname="LearningTestng.FaceBook" name="Register" time="0.013"/>
  <testcase classname="LearningTestng.FaceBook" name="Login" time="0.002"/>
</testsuite> <!-- LearningTestng.FaceBook -->
