<?xml version="1.0" encoding="UTF-8"?>
<!-- Generated by org.testng.reporters.JUnitReportReporter -->
<testsuite hostname="QSPWakad" failures="0" tests="1" name="batchExecution.SqlTest" time="5.372" errors="0" timestamp="13 Feb 2024 04:04:45 GMT" skipped="0">
  <testcase classname="batchExecution.SqlTest" name="sqlSearch" time="5.372"/>
</testsuite> <!-- batchExecution.SqlTest -->
