<?xml version="1.0" encoding="UTF-8"?>
<!-- Generated by org.testng.reporters.JUnitReportReporter -->
<testsuite hostname="QSPWakad" failures="0" tests="1" name="DesignBaseTestUsingAnnotation.ValidLogin" time="0.339" errors="0" timestamp="13 Feb 2024 03:28:49 GMT" skipped="0">
  <testcase classname="DesignBaseTestUsingAnnotation.ValidLogin" name="login" time="0.339"/>
</testsuite> <!-- DesignBaseTestUsingAnnotation.ValidLogin -->
