<?xml version="1.0" encoding="UTF-8"?>
<!-- Generated by org.testng.reporters.JUnitReportReporter -->
<testsuite hostname="QSPWakad" failures="0" tests="1" name="com.TimesheetManagementToolProject.TestScript.CreateUserTest" time="3.320" errors="0" timestamp="16 Feb 2024 03:51:57 GMT" skipped="0">
  <testcase classname="com.TimesheetManagementToolProject.TestScript.CreateUserTest" name="createUser" time="3.320"/>
</testsuite> <!-- com.TimesheetManagementToolProject.TestScript.CreateUserTest -->
