<?xml version="1.0" encoding="UTF-8"?>
<!-- Generated by org.testng.reporters.JUnitReportReporter -->
<testsuite hostname="QSPWakad" failures="0" tests="1" name="com.TimesheetManagementToolProject.TestScript.CreateCustomerAndProjectTest" time="5.183" errors="0" timestamp="16 Feb 2024 03:51:57 GMT" skipped="0">
  <testcase classname="com.TimesheetManagementToolProject.TestScript.CreateCustomerAndProjectTest" name="createCustomerAndProject" time="5.183"/>
</testsuite> <!-- com.TimesheetManagementToolProject.TestScript.CreateCustomerAndProjectTest -->
