<?xml version="1.0" encoding="UTF-8"?>
<!-- Generated by org.testng.reporters.JUnitReportReporter -->
<testsuite hostname="QSPWakad" failures="0" tests="1" name="com.TimesheetManagementToolProject.TestScript.InvalidLoginTest" time="5.084" errors="0" timestamp="16 Feb 2024 04:02:16 GMT" skipped="0">
  <testcase classname="com.TimesheetManagementToolProject.TestScript.InvalidLoginTest" name="invalidLogin" time="5.084"/>
</testsuite> <!-- com.TimesheetManagementToolProject.TestScript.InvalidLoginTest -->
