<?xml version="1.0" encoding="UTF-8"?>
<!-- Generated by org.testng.reporters.JUnitReportReporter -->
<testsuite hostname="QSPWakad" failures="0" tests="1" name="com.TimesheetManagementToolProject.TestScript.InvalidLoginTest" time="2.337" errors="0" timestamp="15 Feb 2024 04:12:31 GMT" skipped="0">
  <testcase classname="com.TimesheetManagementToolProject.TestScript.InvalidLoginTest" name="invalidLogin" time="2.337"/>
</testsuite> <!-- com.TimesheetManagementToolProject.TestScript.InvalidLoginTest -->
