<?xml version="1.0" encoding="UTF-8"?>
<!-- Generated by org.testng.reporters.JUnitReportReporter -->
<testsuite hostname="MK" failures="0" tests="2" name="testNGExectionPackage.Test3" time="0.029" errors="0" timestamp="2023-11-30T12:03:04 IST" skipped="0">
  <testcase classname="testNGExectionPackage.Test3" name="method2" time="0.005">
    <system-out>
      <![CDATA[method 2 from test3 class]]>
    </system-out>
  </testcase> <!-- method2 -->
  <testcase classname="testNGExectionPackage.Test3" name="method1" time="0.024">
    <system-out>
      <![CDATA[method 1 from test3 class]]>
    </system-out>
  </testcase> <!-- method1 -->
  <system-out>
    <![CDATA[metohd 2 from test2 class 
method 1 from test3 class
method 1 from test 1 class 
metohd 1 from test2 class 
method 1 from test 1 class 
method 2 from test3 class]]>
  </system-out>
</testsuite> <!-- testNGExectionPackage.Test3 -->
