<?xml version="1.0" encoding="UTF-8"?>
<!-- Generated by org.testng.reporters.JUnitReportReporter -->
<testsuite hostname="MK" failures="0" tests="2" name="testNGExectionPackage.Test3" time="0.025" errors="0" timestamp="2023-11-29T12:16:43 IST" skipped="0">
  <testcase classname="testNGExectionPackage.Test3" name="method2" time="0.002">
    <system-out>
      <![CDATA[method 2 from test3 class]]>
    </system-out>
  </testcase> <!-- method2 -->
  <testcase classname="testNGExectionPackage.Test3" name="method1" time="0.023">
    <system-out>
      <![CDATA[method 1 from test3 class]]>
    </system-out>
  </testcase> <!-- method1 -->
  <system-out>
    <![CDATA[method 1 from test3 class
method 2 from test3 class]]>
  </system-out>
</testsuite> <!-- testNGExectionPackage.Test3 -->
