<?xml version="1.0" encoding="UTF-8"?>
<!-- Generated by org.testng.reporters.JUnitReportReporter -->
<testsuite hostname="MK" failures="0" tests="3" name="testNGAnnotations.Flag5" time="0.055" errors="0" timestamp="2023-12-04T11:33:30 IST" skipped="0">
  <testcase classname="testNGAnnotations.Flag5" name="method2" time="0.013">
    <system-out>
      <![CDATA[method 2 for create user ]]>
    </system-out>
  </testcase> <!-- method2 -->
  <testcase classname="testNGAnnotations.Flag5" name="method3" time="0.008">
    <system-out>
      <![CDATA[method 3 for logout page]]>
    </system-out>
  </testcase> <!-- method3 -->
  <testcase classname="testNGAnnotations.Flag5" name="method1" time="0.034">
    <system-out>
      <![CDATA[method 1 for login ]]>
    </system-out>
  </testcase> <!-- method1 -->
  <system-out>
    <![CDATA[method 1 for login 
method 2 for create user 
method 3 for logout page]]>
  </system-out>
</testsuite> <!-- testNGAnnotations.Flag5 -->
