<?xml version="1.0" encoding="UTF-8"?>
<!-- Generated by org.testng.reporters.JUnitReportReporter -->
<testsuite hostname="MK" failures="0" tests="10" name="testNGAnnotations.Flag3" time="0.057" errors="0" timestamp="2023-12-02T12:30:01 IST" skipped="0">
  <testcase classname="testNGAnnotations.Flag3" name="method1" time="0.007">
    <system-out>
      <![CDATA[method1 for login ]]>
    </system-out>
  </testcase> <!-- method1 -->
  <testcase classname="testNGAnnotations.Flag3" name="method1" time="0.006">
    <system-out>
      <![CDATA[method1 for login ]]>
    </system-out>
  </testcase> <!-- method1 -->
  <testcase classname="testNGAnnotations.Flag3" name="method1" time="0.005">
    <system-out>
      <![CDATA[method1 for login ]]>
    </system-out>
  </testcase> <!-- method1 -->
  <testcase classname="testNGAnnotations.Flag3" name="method1" time="0.003">
    <system-out>
      <![CDATA[method1 for login ]]>
    </system-out>
  </testcase> <!-- method1 -->
  <testcase classname="testNGAnnotations.Flag3" name="method1" time="0.004">
    <system-out>
      <![CDATA[method1 for login ]]>
    </system-out>
  </testcase> <!-- method1 -->
  <testcase classname="testNGAnnotations.Flag3" name="method1" time="0.007">
    <system-out>
      <![CDATA[method1 for login ]]>
    </system-out>
  </testcase> <!-- method1 -->
  <testcase classname="testNGAnnotations.Flag3" name="method1" time="0.004">
    <system-out>
      <![CDATA[method1 for login ]]>
    </system-out>
  </testcase> <!-- method1 -->
  <testcase classname="testNGAnnotations.Flag3" name="method1" time="0.016">
    <system-out>
      <![CDATA[method1 for login ]]>
    </system-out>
  </testcase> <!-- method1 -->
  <testcase classname="testNGAnnotations.Flag3" name="method1" time="0.003">
    <system-out>
      <![CDATA[method1 for login ]]>
    </system-out>
  </testcase> <!-- method1 -->
  <testcase classname="testNGAnnotations.Flag3" name="method1" time="0.002">
    <system-out>
      <![CDATA[method1 for login ]]>
    </system-out>
  </testcase> <!-- method1 -->
  <system-out>
    <![CDATA[method1 for login 
method1 for login 
method1 for login 
method1 for login 
method1 for login 
method1 for login 
method1 for login 
method1 for login 
method1 for login 
method1 for login ]]>
  </system-out>
</testsuite> <!-- testNGAnnotations.Flag3 -->
