<?xml version="1.0" encoding="UTF-8"?>
<!-- Generated by org.testng.reporters.JUnitReportReporter -->
<testsuite hostname="MK" failures="0" tests="4" name="testNGAnnotations.AnnotationsClass" time="0.033" errors="0" timestamp="2023-12-01T11:54:20 IST" skipped="0">
  <testcase classname="testNGAnnotations.AnnotationsClass" name="test2" time="0.006">
    <system-out>
      <![CDATA[Test Annotation ]]>
    </system-out>
  </testcase> <!-- test2 -->
  <testcase classname="testNGAnnotations.AnnotationsClass" name="AnnotationsTestMethod" time="0.016">
    <system-out>
      <![CDATA[TestAnnotathod]]>
    </system-out>
  </testcase> <!-- AnnotationsTestMethod -->
  <testcase classname="testNGAnnotations.AnnotationsClass" name="test4" time="0.005">
    <system-out>
      <![CDATA[Test Annotation ]]>
    </system-out>
  </testcase> <!-- test4 -->
  <testcase classname="testNGAnnotations.AnnotationsClass" name="test3" time="0.006">
    <system-out>
      <![CDATA[Test Annotation ]]>
    </system-out>
  </testcase> <!-- test3 -->
  <system-out>
    <![CDATA[BeforeSuiteAnntations
BeforeTestAnntations
BeforeClassAnntations
BeforeMethodAnntations
TestAnnotathod
AfterMethodsAnntations
Test Annotation 
AfterMethodsAnntations
Test Annotation 
AfterMethodsAnntations
Test Annotation 
AfterMethodsAnntations
AfterClassAnntations
AfterTestAnntations
AfterSuiteAnntations]]>
  </system-out>
</testsuite> <!-- testNGAnnotations.AnnotationsClass -->
