<?xml version="1.0" encoding="UTF-8"?>
<!-- Generated by org.testng.reporters.JUnitReportReporter -->
<testsuite hostname="MK" failures="0" tests="7" name="testNGAnnotations.Flag4" time="0.047" errors="0" timestamp="2023-12-02T12:49:01 IST" skipped="0">
  <testcase classname="testNGAnnotations.Flag4" name="method1" time="0.017">
    <system-out>
      <![CDATA[method 1 for login ]]>
    </system-out>
  </testcase> <!-- method1 -->
  <testcase classname="testNGAnnotations.Flag4" name="method2" time="0.008">
    <system-out>
      <![CDATA[method 2 for admin is login ]]>
    </system-out>
  </testcase> <!-- method2 -->
  <testcase classname="testNGAnnotations.Flag4" name="method6" time="0.013">
    <system-out>
      <![CDATA[method 6 for login  ]]>
    </system-out>
  </testcase> <!-- method6 -->
  <testcase classname="testNGAnnotations.Flag4" name="method3" time="0.002">
    <system-out>
      <![CDATA[method 3 for manager is login ]]>
    </system-out>
  </testcase> <!-- method3 -->
  <testcase classname="testNGAnnotations.Flag4" name="method7" time="0.002">
    <system-out>
      <![CDATA[method 7 for login  ]]>
    </system-out>
  </testcase> <!-- method7 -->
  <testcase classname="testNGAnnotations.Flag4" name="method4" time="0.002">
    <system-out>
      <![CDATA[method 4 for emp ]]>
    </system-out>
  </testcase> <!-- method4 -->
  <testcase classname="testNGAnnotations.Flag4" name="method5" time="0.003">
    <system-out>
      <![CDATA[method 5 for user ]]>
    </system-out>
  </testcase> <!-- method5 -->
  <system-out>
    <![CDATA[method 1 for login 
method 2 for admin is login 
method 6 for login  
method 3 for manager is login 
method 7 for login  
method 4 for emp 
method 5 for user ]]>
  </system-out>
</testsuite> <!-- testNGAnnotations.Flag4 -->
