<?xml version="1.0" encoding="UTF-8"?>
<!-- Generated by org.testng.reporters.JUnitReportReporter -->
<testsuite hostname="MK" failures="0" tests="12" name="testNGAnnotations.Flag6" time="0.069" errors="0" timestamp="2023-12-04T12:23:47 IST" skipped="0">
  <testcase classname="testNGAnnotations.Flag6" name="ft4" time="0.004">
    <system-out>
      <![CDATA[ ft4Functional test case ]]>
    </system-out>
  </testcase> <!-- ft4 -->
  <testcase classname="testNGAnnotations.Flag6" name="ft5" time="0.006">
    <system-out>
      <![CDATA[ ft5Functional test case ]]>
    </system-out>
  </testcase> <!-- ft5 -->
  <testcase classname="testNGAnnotations.Flag6" name="st1" time="0.005">
    <system-out>
      <![CDATA[st 1 smoke test case]]>
    </system-out>
  </testcase> <!-- st1 -->
  <testcase classname="testNGAnnotations.Flag6" name="st6" time="0.004">
    <system-out>
      <![CDATA[st 6 smoke test case]]>
    </system-out>
  </testcase> <!-- st6 -->
  <testcase classname="testNGAnnotations.Flag6" name="ft2" time="0.005">
    <system-out>
      <![CDATA[ ft2Functional test case ]]>
    </system-out>
  </testcase> <!-- ft2 -->
  <testcase classname="testNGAnnotations.Flag6" name="st4" time="0.003">
    <system-out>
      <![CDATA[st  smoke test case]]>
    </system-out>
  </testcase> <!-- st4 -->
  <testcase classname="testNGAnnotations.Flag6" name="ft1" time="0.016">
    <system-out>
      <![CDATA[ ft1Functional test case ]]>
    </system-out>
  </testcase> <!-- ft1 -->
  <testcase classname="testNGAnnotations.Flag6" name="st5" time="0.002">
    <system-out>
      <![CDATA[st 5 smoke test case]]>
    </system-out>
  </testcase> <!-- st5 -->
  <testcase classname="testNGAnnotations.Flag6" name="st2" time="0.009">
    <system-out>
      <![CDATA[st 2 smoke test case]]>
    </system-out>
  </testcase> <!-- st2 -->
  <testcase classname="testNGAnnotations.Flag6" name="st3" time="0.007">
    <system-out>
      <![CDATA[st 3 smoke test case]]>
    </system-out>
  </testcase> <!-- st3 -->
  <testcase classname="testNGAnnotations.Flag6" name="ft3" time="0.003">
    <system-out>
      <![CDATA[ ft3 Functional test case ]]>
    </system-out>
  </testcase> <!-- ft3 -->
  <testcase classname="testNGAnnotations.Flag6" name="ft6" time="0.005">
    <system-out>
      <![CDATA[ ft6Functional test case ]]>
    </system-out>
  </testcase> <!-- ft6 -->
  <system-out>
    <![CDATA[ ft1Functional test case 
 ft2Functional test case 
 ft3 Functional test case 
 ft4Functional test case 
 ft5Functional test case 
 ft6Functional test case 
st 1 smoke test case
st 2 smoke test case
st 3 smoke test case
st  smoke test case
st 5 smoke test case
st 6 smoke test case]]>
  </system-out>
</testsuite> <!-- testNGAnnotations.Flag6 -->
