<?xml version="1.0" encoding="UTF-8"?>
<!-- Generated by org.testng.reporters.JUnitReportReporter -->
<testsuite hostname="MK" failures="0" tests="1" name="testAssertations.NewTestAssert" time="0.040" errors="0" timestamp="2023-12-05T12:07:21 IST" skipped="0">
  <testcase classname="testAssertations.NewTestAssert" name="assertMethod" time="0.040">
    <system-out>
      <![CDATA[launch browsers
launch web application by using url
verify and validate the login page 
login performend  
verify and validate the home page 
User created 
Task created ]]>
    </system-out>
  </testcase> <!-- assertMethod -->
  <system-out>
    <![CDATA[launch browsers
launch web application by using url
verify and validate the login page 
login performend  
verify and validate the home page 
User created 
Task created ]]>
  </system-out>
</testsuite> <!-- testAssertations.NewTestAssert -->
