<?xml version="1.0" encoding="UTF-8"?>
<!-- Generated by org.testng.reporters.JUnitReportReporter -->
<testsuite hostname="MK" failures="0" tests="2" name="testNGPackage.Demo" time="0.019" errors="0" timestamp="2023-11-28T12:14:07 IST" skipped="0">
  <testcase classname="testNGPackage.Demo" name="method2" time="0.003">
    <system-out>
      <![CDATA[method2 from Demo class]]>
    </system-out>
  </testcase> <!-- method2 -->
  <testcase classname="testNGPackage.Demo" name="method1" time="0.016">
    <system-out>
      <![CDATA[method1 from Demo class]]>
    </system-out>
  </testcase> <!-- method1 -->
  <system-out>
    <![CDATA[method1 from Demo class
method2 from Demo class
method1 from Remo class
method2 from Remo class
method1 from Sumo class
method1 from Sumo class]]>
  </system-out>
</testsuite> <!-- testNGPackage.Demo -->
