<?xml version="1.0" encoding="UTF-8"?>
<!-- Generated by org.testng.reporters.JUnitReportReporter -->
<testsuite hostname="MK" failures="0" tests="3" name="testNGAnnotations.Flag2" time="0.019" errors="0" timestamp="2023-12-02T12:11:48 IST" skipped="1">
  <testcase classname="testNGAnnotations.Flag2" name="method3" time="0.002">
    <system-out>
      <![CDATA[method 3 for logout page]]>
    </system-out>
  </testcase> <!-- method3 -->
  <testcase classname="testNGAnnotations.Flag2" name="method1" time="0.017">
    <system-out>
      <![CDATA[method1 for login page ]]>
    </system-out>
  </testcase> <!-- method1 -->
  <testcase classname="testNGAnnotations.Flag2" name="method2">
    <skipped/>
  </testcase> <!-- method2 -->
  <system-out>
    <![CDATA[method1 for login page 
method 3 for logout page]]>
  </system-out>
</testsuite> <!-- testNGAnnotations.Flag2 -->
