<?xml version="1.0" encoding="UTF-8"?>
<!-- Generated by org.testng.reporters.JUnitReportReporter -->
<testsuite hostname="MK" failures="0" tests="1" name="testNGAnnotations.Flag1" time="0.014" errors="0" timestamp="2023-12-02T11:56:10 IST" skipped="0">
  <testcase classname="testNGAnnotations.Flag1" name="method1" time="0.014">
    <system-out>
      <![CDATA[method from flag 1]]>
    </system-out>
  </testcase> <!-- method1 -->
  <system-out>
    <![CDATA[method from flag 1]]>
  </system-out>
</testsuite> <!-- testNGAnnotations.Flag1 -->
