<?xml version="1.0" encoding="UTF-8"?>
<!-- Generated by org.testng.reporters.JUnitReportReporter -->
<testsuite hostname="MK" failures="0" tests="2" name="testNGAnnotations.GoogleSearchTest" time="52.507" errors="0" timestamp="2023-12-02T11:51:05 IST" skipped="0">
  <testcase classname="testNGAnnotations.GoogleSearchTest" name="search_Java" time="12.500"/>
  <testcase classname="testNGAnnotations.GoogleSearchTest" name="search_Selenium" time="40.007"/>
</testsuite> <!-- testNGAnnotations.GoogleSearchTest -->
