<?xml version="1.0" encoding="UTF-8"?>
<!-- Generated by org.testng.reporters.JUnitReportReporter -->
<testsuite hostname="MK" failures="0" tests="1" name="testNGExectionPackage.SeleniumTest" time="13.077" errors="0" timestamp="2023-11-28T12:46:09 IST" skipped="0">
  <testcase classname="testNGExectionPackage.SeleniumTest" name="java_method" time="13.077"/>
</testsuite> <!-- testNGExectionPackage.SeleniumTest -->
