<?xml version="1.0" encoding="UTF-8"?>
<!-- Generated by org.testng.reporters.JUnitReportReporter -->
<testsuite hostname="MK" failures="0" tests="2" name="testNGExectionPackage.Test2" time="0.023" errors="0" timestamp="2023-11-29T12:14:37 IST" skipped="0">
  <testcase classname="testNGExectionPackage.Test2" name="method2" time="0.004">
    <system-out>
      <![CDATA[metohd 2 from test2 class ]]>
    </system-out>
  </testcase> <!-- method2 -->
  <testcase classname="testNGExectionPackage.Test2" name="method1" time="0.019">
    <system-out>
      <![CDATA[metohd 1 from test2 class ]]>
    </system-out>
  </testcase> <!-- method1 -->
  <system-out>
    <![CDATA[metohd 1 from test2 class 
metohd 2 from test2 class ]]>
  </system-out>
</testsuite> <!-- testNGExectionPackage.Test2 -->
