<?xml version="1.0" encoding="UTF-8"?>
<!-- Generated by org.testng.reporters.JUnitReportReporter -->
<testsuite hostname="MK" failures="0" tests="1" name="testAssertations.AssertationScriptOnOrangeHRM" time="18.824" errors="0" timestamp="2023-12-05T12:32:20 IST" skipped="0">
  <testcase classname="testAssertations.AssertationScriptOnOrangeHRM" name="testMethod" time="18.824">
    <system-out>
      <![CDATA[user created ]]>
    </system-out>
  </testcase> <!-- testMethod -->
  <system-out>
    <![CDATA[user created ]]>
  </system-out>
</testsuite> <!-- testAssertations.AssertationScriptOnOrangeHRM -->
